2026-02-09 00:08:05,407 - celery_sqlalchemy_scheduler.schedulers - INFO - Writing entries...
2026-02-09 00:11:07,703 - celery_sqlalchemy_scheduler.schedulers - INFO - Writing entries...
2026-02-09 00:11:13,448 - celery_sqlalchemy_scheduler.schedulers - INFO - Writing entries...
2026-02-09 00:11:13,452 - celery_sqlalchemy_scheduler.schedulers - INFO - Writing entries...
2026-02-09 00:11:13,484 - celery_sqlalchemy_scheduler.schedulers - INFO - Writing entries...
2026-02-09 00:11:13,485 - celery_sqlalchemy_scheduler.schedulers - INFO - Writing entries...
2026-02-09 00:23:50,360 - celery.worker.consumer.connection - INFO - Connected to redis://localhost:6379/0
2026-02-09 00:23:50,376 - celery.worker.consumer.mingle - INFO - mingle: searching for neighbors
2026-02-09 00:23:51,408 - celery.worker.consumer.mingle - INFO - mingle: all alone
2026-02-09 00:23:51,428 - celery.apps.worker - INFO - celery@ASUSF15 ready.
2026-02-09 00:23:59,435 - flower.command - INFO - Visit me at http://0.0.0.0:5556
2026-02-09 00:23:59,456 - flower.command - INFO - Broker: redis://localhost:6379/0
2026-02-09 00:23:59,459 - flower.command - INFO - Registered tasks: 
['app.worker.generar_reporte_pesado_task',
 'app.worker.limpiar_reportes_antiguos_task',
 'celery.accumulate',
 'celery.backend_cleanup',
 'celery.chain',
 'celery.chord',
 'celery.chord_unlock',
 'celery.chunks',
 'celery.group',
 'celery.map',
 'celery.starmap']
2026-02-09 00:23:59,489 - kombu.mixins - INFO - Connected to redis://localhost:6379/0
2026-02-09 00:24:02,144 - celery.beat - INFO - beat: Starting...
2026-02-09 00:24:02,154 - celery_sqlalchemy_scheduler.schedulers - INFO - setup_schedule
2026-02-09 00:24:02,154 - celery_sqlalchemy_scheduler.schedulers - INFO - Writing entries...
2026-02-09 00:24:02,336 - celery_sqlalchemy_scheduler.schedulers - ERROR - Cannot add entry 'celery.backend_cleanup' to database schedule: AttributeError("'zoneinfo.ZoneInfo' object has no attribute 'zone'"). Contents: {'task': 'celery.backend_cleanup', 'schedule': <crontab: 0 4 * * * (m/h/dM/MY/d)>, 'options': {'expires': 43200}}

